2019-08-30 15:13:26,052 [      0]   INFO -        #com.intellij.idea.Main - ------------------------------------------------------ IDE STARTED ------------------------------------------------------ 
2019-08-30 15:13:26,068 [     16]   INFO -        #com.intellij.idea.Main - IDE: PyCharm (build #PC-192.6262.63, 22 Aug 2019 05:28) 
2019-08-30 15:13:26,083 [     31]   INFO -        #com.intellij.idea.Main - OS: Windows 10 (10.0, amd64) 
2019-08-30 15:13:26,083 [     31]   INFO -        #com.intellij.idea.Main - JRE: 11.0.3+12-b304.39 (JetBrains s.r.o) 
2019-08-30 15:13:26,083 [     31]   INFO -        #com.intellij.idea.Main - JVM: 11.0.3+12-b304.39 (OpenJDK 64-Bit Server VM) 
2019-08-30 15:13:26,083 [     31]   INFO -        #com.intellij.idea.Main - JVM Args: exit -Xms128m -Xmx750m -XX:ReservedCodeCacheSize=240m -XX:+UseConcMarkSweepGC -XX:SoftRefLRUPolicyMSPerMB=50 -ea -XX:CICompilerCount=2 -Dsun.io.useCanonPrefixCache=false -Djava.net.preferIPv4Stack=true -Djdk.http.auth.tunneling.disabledSchemes="" -XX:+HeapDumpOnOutOfMemoryError -XX:-OmitStackTraceInFastThrow -Djdk.attach.allowAttachSelf -Dkotlinx.coroutines.debug=off -Djb.vmOptionsFile=C:\Program Files\JetBrains\PyCharm Community Edition 2019.2.1\bin\pycharm64.exe.vmoptions -Djava.library.path=C:\Program Files\JetBrains\PyCharm Community Edition 2019.2.1\jbr\\bin;C:\Program Files\JetBrains\PyCharm Community Edition 2019.2.1\jbr\\bin\server -Didea.platform.prefix=PyCharmCore -Dide.native.launcher=true -Didea.paths.selector=PyCharmCE2019.2 -XX:ErrorFile=C:\Users\aruna\java_error_in_pycharm_%p.log -XX:HeapDumpPath=C:\Users\aruna\java_error_in_pycharm.hprof 
2019-08-30 15:13:26,083 [     31]   INFO -        #com.intellij.idea.Main - charsets: JNU=Cp1252 file=Cp1252 
2019-08-30 15:13:26,083 [     31]   INFO - plication.impl.ApplicationImpl - CPU cores: 8; ForkJoinPool.commonPool: java.util.concurrent.ForkJoinPool@2cac1a34[Running, parallelism = 7, size = 0, active = 0, running = 0, steals = 0, tasks = 0, submissions = 0]; factory: com.intellij.concurrency.IdeaForkJoinWorkerThreadFactory@454caf9e 
2019-08-30 15:13:26,146 [     94]   INFO -        #com.intellij.idea.Main - JNA library (64-bit) loaded in 78 ms 
2019-08-30 15:13:26,177 [    125]   INFO - penapi.util.io.win32.IdeaWin32 - Native filesystem for Windows is operational 
2019-08-30 15:13:52,407 [  26355]   INFO - .intellij.util.io.HttpRequests - Application is not initialized yet; Using default SSL configuration to connect to https://plugins.jetbrains.com/plugins/list/?uuid=701709be-75f8-447f-b5ff-83bbf3a6b9e6&build=PC-192.6262.63 
2019-08-30 15:14:13,801 [  47749]   INFO - tellij.diagnostic.LoadingPhase - Reached SPLASH loading phase 
2019-08-30 15:14:13,894 [  47842]   INFO - llij.ide.plugins.PluginManager - Plugin 'Configuration Script' can't be loaded because: Plugin does not include any module dependency tags in its plugin.xml therefore is assumed legacy and can be loaded only in IntelliJ IDEA 
2019-08-30 15:14:13,926 [  47874]   INFO - llij.ide.plugins.PluginManager - Loaded bundled plugins: Copyright (192.6262.63), EditorConfig (192.6262.63), Git (192.6262.63), GitHub (192.6262.63), IDEA CORE (192.6262.63), IntelliLang (192.6262.63), Machine Learning Code Completion (192.6262.63), Mercurial (192.6262.63), Properties (192.6262.63), Python Copyright (192.6262.63), Python IntelliLang (192.6262.63), Python ReStructureText Integration (192.6262.63), Python Terminal (192.6262.63), ReStructuredText Support (192.6262.63), Settings Repository (192.6262.63), Shell Script (192.6262.63), Subversion (192.6262.63), Task Management (192.6262.63), Terminal (192.6262.63), TextMate bundles (192.6262.63), YAML (192.6262.63) 
2019-08-30 15:14:13,926 [  47874]   INFO - llij.ide.plugins.PluginManager - Disabled plugins: Configuration Script (192.6262.63) 
2019-08-30 15:14:18,527 [  52475]   INFO - tellij.diagnostic.LoadingPhase - Reached CONFIGURATION_STORE_INITIALIZED loading phase 
2019-08-30 15:14:18,936 [  52884]   INFO - ellij.vfs.persistent.FSRecords - Marking VFS as corrupted: 'C:\Users\aruna\.PyCharmCE2019.2\system\caches\names.dat' does not exist 
2019-08-30 15:14:18,936 [  52884]   INFO - ellij.util.io.PagedFileStorage - lower=100; upper=500; buffer=10; max=705 
2019-08-30 15:14:19,077 [  53025]   INFO - pl.local.NativeFileWatcherImpl - Starting file watcher: C:\Program Files\JetBrains\PyCharm Community Edition 2019.2.1\bin\fsnotifier64.exe 
2019-08-30 15:14:19,327 [  53275]   INFO - pl.local.NativeFileWatcherImpl - Native file watcher is operational. 
2019-08-30 15:14:22,099 [  56047]   INFO - .history.utils.LocalHistoryLog - local history version mismatch (was: 0, expected: 6), rebuilding... 
2019-08-30 15:14:22,099 [  56047]   INFO - .history.utils.LocalHistoryLog - FS has been rebuild, rebuilding local history... 
2019-08-30 15:14:22,573 [  56521]   INFO - til.net.ssl.CertificateManager - Default SSL context initialized 
2019-08-30 15:14:22,634 [  56582]   INFO - rains.ide.BuiltInServerManager - built-in server started, port 63342 
2019-08-30 15:14:23,213 [  57161]   INFO - il.indexing.FileBasedIndexImpl - File index extensions iterated:383 
2019-08-30 15:14:23,860 [  57808]   INFO - j.ide.ui.OptionsTopHitProvider - 115 ms spent to cache options in application 
2019-08-30 15:14:24,043 [  57991]   INFO - tellij.diagnostic.LoadingPhase - Reached FRAME_SHOWN loading phase 
2019-08-30 15:14:31,795 [  65743]   INFO - ndex.PrebuiltIndexProviderBase - Using prebuilt id-index from C:\Users\aruna\.PyCharmCE2019.2\system\index\.persistent\prebuilt\Python\id-index.input 
2019-08-30 15:14:32,555 [  66503]   INFO - com.intellij.ide.ui.UISettings - Loaded: fontSize=13, fontScale=1.0; restored: fontSize=13, fontScale=1.0 
2019-08-30 15:14:32,869 [  66817]   INFO - ij.psi.stubs.StubUpdatingIndex - Following new file types will be indexed:HTML,Python,XML,PythonStub,Properties 
2019-08-30 15:14:33,455 [  67403]   INFO - pl$FileIndexDataInitialization - Initialization done:10621 
2019-08-30 15:14:33,668 [  67616]   INFO - exImpl$StubIndexInitialization - Initialization done:202 
2019-08-30 15:14:45,909 [  79857]   WARN -                    findPackage - Process still runs after timeout 
2019-08-30 15:14:45,909 [  79857]   WARN -                    findPackage - "Get-AppxPackage | Where-Object {$_.Name -like '*Python*'} | Select-Object {$_.InstallLocation} | Format-List" 
2019-08-30 15:14:51,697 [  85645]   WARN -                    findPackage -  
2019-08-30 15:14:51,698 [  85646]   WARN -                    findPackage -  
2019-08-30 15:14:52,994 [  86942]   WARN - til.ui.update.LazyUiDisposable - use application as a parent disposable 
2019-08-30 15:15:11,148 [ 105096]   INFO - rationStore.ComponentStoreImpl - Saving default projectDependencyValidationManager took 47 ms, ProjectRootManager took 15 ms 
2019-08-30 15:15:12,656 [ 106604]   INFO - rnal.statistic.DeviceIdManager - Generating new Device ID 
2019-08-30 15:15:12,681 [ 106629]   INFO - eventLog.EventLogConfiguration - Generating salt for the device 
2019-08-30 15:15:12,884 [ 106832]   INFO - j.ide.script.IdeStartupScripts - 0 startup script(s) found 
2019-08-30 15:15:13,218 [ 107166]   INFO - rojectCodeStyleSettingsManager - Initialized from default code style settings. 
2019-08-30 15:15:14,385 [ 108333]   INFO - .diagnostic.PerformanceWatcher - Pushing properties took 78ms; general responsiveness: ok; EDT responsiveness: ok 
2019-08-30 15:15:15,372 [ 109320]   INFO - ge.ExternalProjectsDataStorage - Load external projects data in 15 millis (read time: 15) 
2019-08-30 15:15:15,528 [ 109476]   INFO - .diagnostic.PerformanceWatcher - Post-startup activities under progress took 1315ms; general responsiveness: ok; EDT responsiveness: ok 
2019-08-30 15:15:15,767 [ 109715]   INFO - j.ide.ui.OptionsTopHitProvider - 1413 ms spent to cache options in project 
2019-08-30 15:15:15,814 [ 109762]   INFO - packaging.PyPackageManagerImpl - Running packaging tool: C:\Users\aruna\AppData\Local\Programs\Python\Python37-32\python.exe C:\Program Files\JetBrains\PyCharm Community Edition 2019.2.1\helpers\packaging_tool.py pyvenv C:\Users\aruna\PycharmProjects\MyProject\venv 
2019-08-30 15:15:16,970 [ 110918]   INFO - .diagnostic.PerformanceWatcher - Indexable file iteration took 2491ms; general responsiveness: ok; EDT responsiveness: ok 
2019-08-30 15:15:16,970 [ 110918]   INFO - indexing.UnindexedFilesUpdater - Unindexed files update started: 211 files to update 
2019-08-30 15:15:17,142 [ 111090]   INFO - pl.ProjectRootManagerComponent - project roots have changed 
2019-08-30 15:15:17,142 [ 111090]   INFO - indexing.UnindexedFilesUpdater - Unindexed files update canceled 
2019-08-30 15:15:17,188 [ 111136]   INFO - .diagnostic.PerformanceWatcher - Pushing properties took 0ms; general responsiveness: ok; EDT responsiveness: ok 
2019-08-30 15:15:17,220 [ 111168]   INFO - .diagnostic.PerformanceWatcher - Indexable file iteration took 32ms; general responsiveness: ok; EDT responsiveness: ok 
2019-08-30 15:15:17,220 [ 111168]   INFO - indexing.UnindexedFilesUpdater - Unindexed files update started: 216 files to update 
2019-08-30 15:15:17,345 [ 111293]   INFO - packaging.PyPackageManagerImpl - Running packaging tool: C:\Users\aruna\PycharmProjects\MyProject\venv\Scripts\python.exe C:\Program Files\JetBrains\PyCharm Community Edition 2019.2.1\helpers\packaging_tool.py list 
2019-08-30 15:15:18,430 [ 112378]   INFO - .intellij.util.EnvironmentUtil - shell environment loaded (47 vars) 
2019-08-30 15:15:18,587 [ 112535]   INFO - packaging.PyPackageManagerImpl - Error: Python packaging tool 'setuptools' not found

Exit code 3 
2019-08-30 15:15:18,608 [ 112556]   INFO - packaging.PyPackageManagerImpl - Running packaging tool: C:\Users\aruna\PycharmProjects\MyProject\venv\Scripts\python.exe C:\Program Files\JetBrains\PyCharm Community Edition 2019.2.1\helpers\packaging_tool.py untar C:\Program Files\JetBrains\PyCharm Community Edition 2019.2.1\helpers\setuptools-40.8.0.tar.gz 
2019-08-30 15:15:18,827 [ 112775]   INFO - .diagnostic.PerformanceWatcher - Unindexed files update took 1607ms; general responsiveness: ok; EDT responsiveness: ok 
2019-08-30 15:15:21,307 [ 115255]   INFO - packaging.PyPackageManagerImpl - Running packaging tool: C:\Users\aruna\PycharmProjects\MyProject\venv\Scripts\python.exe C:\Users\aruna\AppData\Local\Temp\tmp_exlepr7pycharm-management\setuptools-40.8.0\setup.py install 
2019-08-30 15:15:25,332 [ 119280]   INFO - packaging.PyPackageManagerImpl - Running packaging tool: C:\Users\aruna\PycharmProjects\MyProject\venv\Scripts\python.exe C:\Program Files\JetBrains\PyCharm Community Edition 2019.2.1\helpers\packaging_tool.py untar C:\Program Files\JetBrains\PyCharm Community Edition 2019.2.1\helpers\pip-19.0.3.tar.gz 
2019-08-30 15:15:30,622 [ 124570]   INFO - packaging.PyPackageManagerImpl - Running packaging tool: C:\Users\aruna\PycharmProjects\MyProject\venv\Scripts\python.exe C:\Users\aruna\AppData\Local\Temp\tmpu5hre8bzpycharm-management\pip-19.0.3\setup.py install 
2019-08-30 15:15:42,198 [ 136146]   INFO - .intellij.util.EnvironmentUtil - shell environment loaded (47 vars) 
2019-08-30 15:15:42,277 [ 136225]   INFO - ns.python.sdk.PythonSdkUpdater - Updating sys.path took 532 ms 
2019-08-30 15:15:42,277 [ 136225]   INFO - ns.python.sdk.PythonSdkUpdater - Bogus sys.path entry C:\Users\aruna\AppData\Local\Programs\Python\Python37-32\python37.zip 
2019-08-30 15:15:42,292 [ 136240]   INFO - .intellij.util.EnvironmentUtil - shell environment loaded (47 vars) 
2019-08-30 15:15:42,386 [ 136334]   INFO - plication.impl.ApplicationImpl - LONG VFS PROCESSING. Topic=NewVirtualFileSystem changes, offender=class com.intellij.openapi.vfs.newvfs.AsyncEventSupport$1, message=after, time=101ms 
2019-08-30 15:15:42,402 [ 136350]   INFO - ns.python.sdk.PythonSdkUpdater - Binary skeletons directory for SDK Python 3.7 (MyProject) (C:\Users\aruna\PycharmProjects\MyProject\venv\Scripts\python.exe)): C:/Users/aruna/.PyCharmCE2019.2/system/python_stubs/-1747460289 
2019-08-30 15:15:42,402 [ 136350]   INFO - ns.python.sdk.PythonSdkUpdater - User skeletons directory for SDK Python 3.7 (MyProject) (C:\Users\aruna\PycharmProjects\MyProject\venv\Scripts\python.exe)): C:/Program Files/JetBrains/PyCharm Community Edition 2019.2.1/helpers/python-skeletons 
2019-08-30 15:15:42,542 [ 136490]   INFO - pl.ProjectRootManagerComponent - project roots have changed 
2019-08-30 15:15:42,587 [ 136535]   INFO - pl.ProjectRootManagerComponent - project roots have changed 
2019-08-30 15:15:42,602 [ 136550]   INFO - pl.ProjectRootManagerComponent - project roots have changed 
2019-08-30 15:15:42,998 [ 136946]   WARN - tartup.impl.StartupManagerImpl - C:/Users/aruna/PycharmProjects/MyProject/.idea 
java.io.FileNotFoundException: C:/Users/aruna/PycharmProjects/MyProject/.idea
	at com.intellij.openapi.util.io.FileUtil.isFileSystemCaseSensitive(FileUtil.java:1467)
	at com.intellij.ide.startup.impl.StartupManagerImpl.checkFsSanity(StartupManagerImpl.java:329)
	at com.intellij.ide.startup.impl.StartupManagerImpl.runPostStartupActivities(StartupManagerImpl.java:237)
	at com.intellij.openapi.project.impl.ProjectManagerImpl.lambda$null$6(ProjectManagerImpl.java:411)
	at com.intellij.openapi.application.TransactionGuardImpl$2.run(TransactionGuardImpl.java:312)
	at com.intellij.openapi.application.impl.LaterInvocator$FlushQueue.doRun(LaterInvocator.java:433)
	at com.intellij.openapi.application.impl.LaterInvocator$FlushQueue.runNextEvent(LaterInvocator.java:416)
	at com.intellij.openapi.application.impl.LaterInvocator$FlushQueue.run(LaterInvocator.java:399)
	at java.desktop/java.awt.event.InvocationEvent.dispatch(InvocationEvent.java:313)
	at java.desktop/java.awt.EventQueue.dispatchEventImpl(EventQueue.java:776)
	at java.desktop/java.awt.EventQueue$4.run(EventQueue.java:727)
	at java.desktop/java.awt.EventQueue$4.run(EventQueue.java:721)
	at java.base/java.security.AccessController.doPrivileged(Native Method)
	at java.base/java.security.ProtectionDomain$JavaSecurityAccessImpl.doIntersectionPrivilege(ProtectionDomain.java:85)
	at java.desktop/java.awt.EventQueue.dispatchEvent(EventQueue.java:746)
	at com.intellij.ide.IdeEventQueue.defaultDispatchEvent(IdeEventQueue.java:817)
	at com.intellij.ide.IdeEventQueue._dispatchEvent(IdeEventQueue.java:766)
	at com.intellij.ide.IdeEventQueue.lambda$dispatchEvent$8(IdeEventQueue.java:405)
	at com.intellij.openapi.progress.impl.CoreProgressManager.computePrioritized(CoreProgressManager.java:704)
	at com.intellij.ide.IdeEventQueue.dispatchEvent(IdeEventQueue.java:404)
	at java.desktop/java.awt.EventDispatchThread.pumpOneEventForFilters(EventDispatchThread.java:203)
	at java.desktop/java.awt.EventDispatchThread.pumpEventsForFilter(EventDispatchThread.java:124)
	at java.desktop/java.awt.EventDispatchThread.pumpEventsForHierarchy(EventDispatchThread.java:113)
	at java.desktop/java.awt.EventDispatchThread.pumpEvents(EventDispatchThread.java:109)
	at java.desktop/java.awt.EventDispatchThread.pumpEvents(EventDispatchThread.java:101)
	at java.desktop/java.awt.EventDispatchThread.run(EventDispatchThread.java:90)
2019-08-30 15:15:43,092 [ 137040]   INFO - tellij.diagnostic.LoadingPhase - Reached PROJECT_OPENED loading phase 
2019-08-30 15:15:43,154 [ 137102]   INFO - ns.python.sdk.PythonSdkUpdater - Performing background update of skeletons for SDK Python 3.7 (MyProject) (C:\Users\aruna\PycharmProjects\MyProject\venv\Scripts\python.exe) 
2019-08-30 15:15:43,170 [ 137118]   INFO - .skeletons.PySkeletonRefresher - Refreshing skeletons for C:\Users\aruna\PycharmProjects\MyProject\venv\Scripts\python.exe 
2019-08-30 15:15:43,170 [ 137118]   INFO - g.FileBasedIndexProjectHandler - Reindexing refreshed files: 310 to update, calculated in 0ms 
2019-08-30 15:15:43,186 [ 137134]   INFO - tor.impl.FileEditorManagerImpl - Project opening took 33270 ms 
2019-08-30 15:15:44,912 [ 138860]   INFO - .skeletons.PySkeletonGenerator - Retrieving binary module list took 1617 ms 
2019-08-30 15:15:44,912 [ 138860]   INFO - tPregeneratedSkeletonsProvider - Home path is C:\Program Files\JetBrains\PyCharm Community Edition 2019.2.1 
2019-08-30 15:15:44,912 [ 138860]   INFO - tPregeneratedSkeletonsProvider - Pregenerated skeletons root is C:\Program Files\JetBrains\PyCharm Community Edition 2019.2.1\skeletons 
2019-08-30 15:15:44,912 [ 138860]   INFO - tPregeneratedSkeletonsProvider - Found pre-generated skeletons at C:\Program Files\JetBrains\PyCharm Community Edition 2019.2.1\skeletons\skeletons-win-403-python-3.7.3.zip 
2019-08-30 15:15:46,965 [ 140913]   INFO - .skeletons.PySkeletonRefresher - Rebuilding skeletons for binaries took 0 ms 
2019-08-30 15:15:47,663 [ 141611]   INFO - ndex.PrebuiltIndexProviderBase - Using prebuilt sdk-stubs from C:\Users\aruna\.PyCharmCE2019.2\system\index\.persistent\prebuilt\Python\sdk-stubs.input 
2019-08-30 15:15:47,683 [ 141631]   INFO - ns.python.sdk.PythonSdkUpdater - Performing background scan of packages for SDK Python 3.7 (MyProject) (C:\Users\aruna\PycharmProjects\MyProject\venv\Scripts\python.exe) 
2019-08-30 15:15:47,684 [ 141632]   INFO - packaging.PyPackageManagerImpl - Running packaging tool: C:\Users\aruna\PycharmProjects\MyProject\venv\Scripts\python.exe C:\Program Files\JetBrains\PyCharm Community Edition 2019.2.1\helpers\packaging_tool.py list 
2019-08-30 15:15:47,998 [ 141946]   INFO - .stubs.StubSerializationHelper - serialized properties.prop is ignored in unmodifiable stub serialization manager 
2019-08-30 15:15:47,998 [ 141946]   INFO - .stubs.StubSerializationHelper - serialized properties.propertieslist is ignored in unmodifiable stub serialization manager 
2019-08-30 15:16:01,595 [ 155543]   INFO - .diagnostic.PerformanceWatcher - Reindexing refreshed files took 18425ms; general responsiveness: ok; EDT responsiveness: 2/18 sluggish, 10/18 very slow 
2019-08-30 15:16:02,124 [ 156072]   INFO - .diagnostic.PerformanceWatcher - Pushing Python language level to 9 roots in 1 SDKs took 528ms; general responsiveness: ok; EDT responsiveness: ok 
2019-08-30 15:16:02,233 [ 156181]   INFO - .diagnostic.PerformanceWatcher - Pushing properties took 0ms; general responsiveness: ok; EDT responsiveness: ok 
2019-08-30 15:16:04,665 [ 158613]   WARN - gnostic.WindowsDefenderChecker - Windows Defender DisableRealtimeMonitoring check exited with status -1:  
2019-08-30 15:16:04,720 [ 158668]   INFO - ings.impl.UpdateCheckerService - channel: release 
2019-08-30 15:16:05,879 [ 159827]   INFO - gnostic.MemorySizeConfigurator - Physical memory 8108M, minimum memory size 128M, -Xmx adjusted from 750M to 1013M 
2019-08-30 15:16:06,394 [ 160342]   INFO - j.ide.plugins.RepositoryHelper - using cached plugin list (updated at 30-08-2019 15:16) 
2019-08-30 15:16:27,469 [ 181417]   INFO - rationStore.ComponentStoreImpl - Saving appFeatureUsageStatistics took 47 ms, GeneralSettings took 16 ms, ProjectJdkTable took 15 ms, XDebuggerSettings took 46 ms 
2019-08-30 15:16:27,886 [ 181834]   INFO - .diagnostic.PerformanceWatcher - Indexable file iteration took 25653ms; general responsiveness: ok; EDT responsiveness: ok 
2019-08-30 15:16:27,902 [ 181850]   INFO - indexing.UnindexedFilesUpdater - Unindexed files update started: 4117 files to update 
2019-08-30 15:16:28,071 [ 182019]   INFO - rationStore.ComponentStoreImpl - Saving Module: 'MyProject'DeprecatedModuleOptionManager took 69 ms 
2019-08-30 15:16:28,309 [ 182257]   INFO - rationStore.ComponentStoreImpl - Saving Project 'C:\Users\aruna\PycharmProjects\MyProject' MyProjectChangeListManager took 39 ms, CommittedChangesCache took 29 ms, ExternalProjectsManager took 40 ms, Vcs.Log.Tabs.Properties took 12 ms, XDebuggerManager took 81 ms 
2019-08-30 15:16:28,441 [ 182389]   INFO - plication.impl.ApplicationImpl - LONG VFS PROCESSING. Topic=NewVirtualFileSystem changes, offender=class com.intellij.psi.impl.file.impl.PsiVFSListener$2, message=after, time=92ms 
2019-08-30 15:16:28,510 [ 182458]   INFO - plication.impl.ApplicationImpl - LONG VFS PROCESSING. Topic=NewVirtualFileSystem changes, offender=class com.intellij.openapi.vfs.newvfs.AsyncEventSupport$1, message=before, time=55ms 
2019-08-30 15:16:29,003 [ 182951]   INFO - indexing.UnindexedFilesUpdater - Unindexed files update canceled 
2019-08-30 15:16:29,003 [ 182951]   INFO - stubs.SerializationManagerImpl - START StubSerializationManager SHUTDOWN 
2019-08-30 15:16:29,003 [ 182951]   INFO - stubs.SerializationManagerImpl - END StubSerializationManager SHUTDOWN 
2019-08-30 15:16:29,003 [ 182951]   INFO - stubs.SerializationManagerImpl - START StubSerializationManager SHUTDOWN 
2019-08-30 15:16:29,003 [ 182951]   INFO - stubs.SerializationManagerImpl - END StubSerializationManager SHUTDOWN 
2019-08-30 15:16:29,003 [ 182951]   INFO - il.indexing.FileBasedIndexImpl - START INDEX SHUTDOWN 
2019-08-30 15:16:32,199 [ 186147]   INFO - il.indexing.FileBasedIndexImpl - END INDEX SHUTDOWN 
2019-08-30 15:16:32,221 [ 186169]   INFO - org.jetbrains.io.BuiltInServer - web server stopped 
2019-08-30 15:16:32,237 [ 186185]   INFO - Types.impl.FileTypeManagerImpl - FileTypeManager: 1478 auto-detected files
Elapsed time on auto-detect: 32509 ms 
2019-08-30 15:16:32,252 [ 186200]   INFO - pl.local.NativeFileWatcherImpl - Watcher terminated with exit code 0 
2019-08-30 15:16:32,252 [ 186200]   INFO - newvfs.persistent.PersistentFS - VFS dispose started 
2019-08-30 15:16:32,751 [ 186699]   INFO - newvfs.persistent.PersistentFS - VFS dispose completed 
2019-08-30 15:16:35,871 [ 189819]   INFO -        #com.intellij.idea.Main - ------------------------------------------------------ IDE SHUTDOWN ------------------------------------------------------ 
2019-08-30 15:16:35,871 [ 189819]   INFO - org.jetbrains.io.BuiltInServer - web server stopped 
2019-12-01 21:23:39,620 [      0]   INFO -        #com.intellij.idea.Main - ------------------------------------------------------ IDE STARTED ------------------------------------------------------ 
2019-12-01 21:23:39,667 [     47]   INFO -        #com.intellij.idea.Main - IDE: PyCharm (build #PC-192.6262.63, 22 Aug 2019 05:28) 
2019-12-01 21:23:39,667 [     47]   INFO -        #com.intellij.idea.Main - OS: Windows 10 (10.0, amd64) 
2019-12-01 21:23:39,667 [     47]   INFO -        #com.intellij.idea.Main - JRE: 11.0.3+12-b304.39 (JetBrains s.r.o) 
2019-12-01 21:23:39,667 [     47]   INFO -        #com.intellij.idea.Main - JVM: 11.0.3+12-b304.39 (OpenJDK 64-Bit Server VM) 
2019-12-01 21:23:39,667 [     47]   INFO -        #com.intellij.idea.Main - JVM Args: exit -Xms128m -Xmx1013m -XX:ReservedCodeCacheSize=240m -XX:+UseConcMarkSweepGC -XX:SoftRefLRUPolicyMSPerMB=50 -ea -XX:CICompilerCount=2 -Dsun.io.useCanonPrefixCache=false -Djava.net.preferIPv4Stack=true -Djdk.http.auth.tunneling.disabledSchemes="" -XX:+HeapDumpOnOutOfMemoryError -XX:-OmitStackTraceInFastThrow -Djdk.attach.allowAttachSelf -Dkotlinx.coroutines.debug=off -Djb.vmOptionsFile=C:\Users\aruna\.PyCharmCE2019.2\config\pycharm64.exe.vmoptions -Djava.library.path=C:\Program Files\JetBrains\PyCharm Community Edition 2019.2.1\jbr\\bin;C:\Program Files\JetBrains\PyCharm Community Edition 2019.2.1\jbr\\bin\server -Didea.platform.prefix=PyCharmCore -Dide.native.launcher=true -Didea.paths.selector=PyCharmCE2019.2 -XX:ErrorFile=C:\Users\aruna\java_error_in_pycharm_%p.log -XX:HeapDumpPath=C:\Users\aruna\java_error_in_pycharm.hprof 
2019-12-01 21:23:39,667 [     47]   INFO -        #com.intellij.idea.Main - charsets: JNU=Cp1252 file=Cp1252 
2019-12-01 21:23:40,073 [    453]   INFO -        #com.intellij.idea.Main - JNA library (64-bit) loaded in 422 ms 
2019-12-01 21:23:40,214 [    594]   INFO - penapi.util.io.win32.IdeaWin32 - Native filesystem for Windows is operational 
2019-12-01 21:23:40,401 [    781]   INFO - tellij.diagnostic.LoadingPhase - Reached SPLASH loading phase 
2019-12-01 21:23:40,557 [    937]   INFO - plication.impl.ApplicationImpl - CPU cores: 8; ForkJoinPool.commonPool: java.util.concurrent.ForkJoinPool@35f88bef[Running, parallelism = 7, size = 0, active = 0, running = 0, steals = 0, tasks = 0, submissions = 0]; factory: com.intellij.concurrency.IdeaForkJoinWorkerThreadFactory@513ef731 
2019-12-01 21:23:42,635 [   3015]   INFO - llij.ide.plugins.PluginManager - Plugin 'Configuration Script' can't be loaded because: Plugin does not include any module dependency tags in its plugin.xml therefore is assumed legacy and can be loaded only in IntelliJ IDEA 
2019-12-01 21:23:42,744 [   3124]   INFO - llij.ide.plugins.PluginManager - Loaded bundled plugins: Copyright (192.6262.63), EditorConfig (192.6262.63), Git (192.6262.63), GitHub (192.6262.63), IDEA CORE (192.6262.63), IntelliLang (192.6262.63), Machine Learning Code Completion (192.6262.63), Mercurial (192.6262.63), Properties (192.6262.63), Python Copyright (192.6262.63), Python IntelliLang (192.6262.63), Python ReStructureText Integration (192.6262.63), Python Terminal (192.6262.63), ReStructuredText Support (192.6262.63), Settings Repository (192.6262.63), Shell Script (192.6262.63), Subversion (192.6262.63), Task Management (192.6262.63), Terminal (192.6262.63), TextMate bundles (192.6262.63), YAML (192.6262.63) 
2019-12-01 21:23:42,744 [   3124]   INFO - llij.ide.plugins.PluginManager - Disabled plugins: Configuration Script (192.6262.63) 
2019-12-01 21:23:45,166 [   5546]   INFO - tellij.diagnostic.LoadingPhase - Reached CONFIGURATION_STORE_INITIALIZED loading phase 
2019-12-01 21:23:45,713 [   6093]   INFO - ellij.util.io.PagedFileStorage - lower=100; upper=500; buffer=10; max=960 
2019-12-01 21:23:46,197 [   6577]   INFO - pl.local.NativeFileWatcherImpl - Starting file watcher: C:\Program Files\JetBrains\PyCharm Community Edition 2019.2.1\bin\fsnotifier64.exe 
2019-12-01 21:23:46,384 [   6764]   INFO - pl.local.NativeFileWatcherImpl - Native file watcher is operational. 
2019-12-01 21:23:49,993 [  10373]   INFO - til.net.ssl.CertificateManager - Default SSL context initialized 
2019-12-01 21:23:50,149 [  10529]   INFO - rains.ide.BuiltInServerManager - built-in server started, port 63342 
2019-12-01 21:23:51,055 [  11435]   INFO - il.indexing.FileBasedIndexImpl - File index extensions iterated:531 
2019-12-01 21:23:51,451 [  11831]   INFO - j.ide.ui.OptionsTopHitProvider - 94 ms spent to cache options in application 
2019-12-01 21:23:51,749 [  12129]   INFO - tellij.diagnostic.LoadingPhase - Reached FRAME_SHOWN loading phase 
2019-12-01 21:23:56,256 [  16636]   INFO - ndex.PrebuiltIndexProviderBase - Using prebuilt id-index from C:\Users\aruna\.PyCharmCE2019.2\system\index\.persistent\prebuilt\Python\id-index.input 
2019-12-01 21:24:00,194 [  20574]   INFO - pl$FileIndexDataInitialization - Initialization done:9671 
2019-12-01 21:24:00,972 [  21352]   INFO - exImpl$StubIndexInitialization - Initialization done:779 
2019-12-01 21:24:04,130 [  24510]   INFO - com.intellij.ide.ui.UISettings - Loaded: fontSize=13, fontScale=1.0; restored: fontSize=13, fontScale=1.0 
2019-12-01 21:24:06,862 [  27242]   INFO - j.ide.script.IdeStartupScripts - 0 startup script(s) found 
2019-12-01 21:24:07,492 [  27872]   INFO - rojectCodeStyleSettingsManager - Initialized from default code style settings. 
2019-12-01 21:24:11,454 [  31834]   INFO - .diagnostic.PerformanceWatcher - Pushing Python language level to 9 roots in 1 SDKs took 313ms; general responsiveness: ok; EDT responsiveness: ok 
2019-12-01 21:24:11,532 [  31912]   INFO - .diagnostic.PerformanceWatcher - Pushing properties took 76ms; general responsiveness: ok; EDT responsiveness: ok 
2019-12-01 21:24:11,722 [  32102]   INFO - ge.ExternalProjectsDataStorage - Load external projects data in 17 millis (read time: 0) 
2019-12-01 21:24:12,171 [  32551]   INFO - j.ide.ui.OptionsTopHitProvider - 3079 ms spent to cache options in project 
2019-12-01 21:24:12,171 [  32551]   INFO - .diagnostic.PerformanceWatcher - Post-startup activities under progress took 3210ms; general responsiveness: ok; EDT responsiveness: 1/3 sluggish, 1/3 very slow 
2019-12-01 21:24:12,303 [  32683]   INFO - tartup.impl.StartupManagerImpl - C:/Users/aruna/PycharmProjects/MyProject/.idea case-sensitivity: expected=false actual=false 
2019-12-01 21:24:12,509 [  32889]   INFO - tellij.diagnostic.LoadingPhase - Reached PROJECT_OPENED loading phase 
2019-12-01 21:24:12,655 [  33035]   INFO - tor.impl.FileEditorManagerImpl - Project opening took 17367 ms 
2019-12-01 21:24:16,111 [  36491]   INFO - pl.ProjectRootManagerComponent - project roots have changed 
2019-12-01 21:24:16,148 [  36528]   INFO - indexing.UnindexedFilesUpdater - Unindexed files update canceled 
2019-12-01 21:24:16,350 [  36730]   INFO - .diagnostic.PerformanceWatcher - Pushing Python language level to 9 roots in 1 SDKs took 52ms; general responsiveness: ok; EDT responsiveness: ok 
2019-12-01 21:24:16,375 [  36755]   INFO - .diagnostic.PerformanceWatcher - Pushing properties took 0ms; general responsiveness: ok; EDT responsiveness: ok 
2019-12-01 21:24:24,166 [  44546]   INFO - rationStore.ComponentStoreImpl - Saving appDaemonCodeAnalyzerSettings took 14 ms, FileTypeManager took 12 ms, InspectionProfileManager took 30 ms, TextMateSettings took 11 ms 
2019-12-01 21:24:25,035 [  45415]   INFO - rationStore.ComponentStoreImpl - Saving Project 'C:\Users\aruna\PycharmProjects\MyProject' MyProjectChangeListManager took 11 ms, CommitMessageInspectionProfile took 67 ms, CommittedChangesCache took 47 ms, ExternalProjectsData took 29 ms, ExternalProjectsManager took 30 ms, ProjectCodeStyleConfiguration took 17 ms, ProjectStartupLocalConfiguration took 31 ms, ProjectView took 33 ms, Vcs.Log.Tabs.Properties took 41 ms, XDebuggerManager took 212 ms 
2019-12-01 21:24:25,177 [  45557]   INFO - .diagnostic.PerformanceWatcher - Indexable file iteration took 8802ms; general responsiveness: ok; EDT responsiveness: 0/9 sluggish, 1/9 very slow 
2019-12-01 21:24:25,181 [  45561]   INFO - indexing.UnindexedFilesUpdater - Unindexed files update started: 1461 files to update 
2019-12-01 21:24:25,184 [  45564]   INFO - indexing.UnindexedFilesUpdater - Unindexed files update canceled 
2019-12-01 21:24:25,207 [  45587]   INFO - stubs.SerializationManagerImpl - START StubSerializationManager SHUTDOWN 
2019-12-01 21:24:25,207 [  45587]   INFO - stubs.SerializationManagerImpl - END StubSerializationManager SHUTDOWN 
2019-12-01 21:24:25,207 [  45587]   INFO - il.indexing.FileBasedIndexImpl - START INDEX SHUTDOWN 
2019-12-01 21:24:25,236 [  45616]   INFO - il.indexing.FileBasedIndexImpl - END INDEX SHUTDOWN 
2019-12-01 21:24:25,247 [  45627]   INFO - org.jetbrains.io.BuiltInServer - web server stopped 
2019-12-01 21:24:25,280 [  45660]   INFO - Types.impl.FileTypeManagerImpl - FileTypeManager: 377 auto-detected files
Elapsed time on auto-detect: 20461 ms 
2019-12-01 21:24:25,284 [  45664]   INFO - pl.local.NativeFileWatcherImpl - Watcher terminated with exit code 0 
2019-12-01 21:24:25,284 [  45664]   INFO - newvfs.persistent.PersistentFS - VFS dispose started 
2019-12-01 21:24:25,322 [  45702]   INFO - newvfs.persistent.PersistentFS - VFS dispose completed 
2019-12-01 21:24:28,485 [  48865]   INFO -        #com.intellij.idea.Main - ------------------------------------------------------ IDE SHUTDOWN ------------------------------------------------------ 
2019-12-01 21:24:28,488 [  48868]   INFO - org.jetbrains.io.BuiltInServer - web server stopped 
2019-12-05 19:42:32,810 [      0]   INFO -        #com.intellij.idea.Main - ------------------------------------------------------ IDE STARTED ------------------------------------------------------ 
2019-12-05 19:42:32,842 [     32]   INFO -        #com.intellij.idea.Main - IDE: PyCharm (build #PC-192.6262.63, 22 Aug 2019 05:28) 
2019-12-05 19:42:32,842 [     32]   INFO -        #com.intellij.idea.Main - OS: Windows 10 (10.0, amd64) 
2019-12-05 19:42:32,842 [     32]   INFO -        #com.intellij.idea.Main - JRE: 11.0.3+12-b304.39 (JetBrains s.r.o) 
2019-12-05 19:42:32,842 [     32]   INFO -        #com.intellij.idea.Main - JVM: 11.0.3+12-b304.39 (OpenJDK 64-Bit Server VM) 
2019-12-05 19:42:32,842 [     32]   INFO -        #com.intellij.idea.Main - JVM Args: exit -Xms128m -Xmx1013m -XX:ReservedCodeCacheSize=240m -XX:+UseConcMarkSweepGC -XX:SoftRefLRUPolicyMSPerMB=50 -ea -XX:CICompilerCount=2 -Dsun.io.useCanonPrefixCache=false -Djava.net.preferIPv4Stack=true -Djdk.http.auth.tunneling.disabledSchemes="" -XX:+HeapDumpOnOutOfMemoryError -XX:-OmitStackTraceInFastThrow -Djdk.attach.allowAttachSelf -Dkotlinx.coroutines.debug=off -Djb.vmOptionsFile=C:\Users\aruna\.PyCharmCE2019.2\config\pycharm64.exe.vmoptions -Djava.library.path=C:\Program Files\JetBrains\PyCharm Community Edition 2019.2.1\jbr\\bin;C:\Program Files\JetBrains\PyCharm Community Edition 2019.2.1\jbr\\bin\server -Didea.platform.prefix=PyCharmCore -Dide.native.launcher=true -Didea.paths.selector=PyCharmCE2019.2 -XX:ErrorFile=C:\Users\aruna\java_error_in_pycharm_%p.log -XX:HeapDumpPath=C:\Users\aruna\java_error_in_pycharm.hprof 
2019-12-05 19:42:32,873 [     63]   INFO -        #com.intellij.idea.Main - charsets: JNU=Cp1252 file=Cp1252 
2019-12-05 19:42:33,154 [    344]   INFO -        #com.intellij.idea.Main - JNA library (64-bit) loaded in 312 ms 
2019-12-05 19:42:33,170 [    360]   INFO - penapi.util.io.win32.IdeaWin32 - Native filesystem for Windows is operational 
2019-12-05 19:42:33,420 [    610]   INFO - tellij.diagnostic.LoadingPhase - Reached SPLASH loading phase 
2019-12-05 19:42:33,529 [    719]   INFO - plication.impl.ApplicationImpl - CPU cores: 8; ForkJoinPool.commonPool: java.util.concurrent.ForkJoinPool@689a756d[Running, parallelism = 7, size = 0, active = 0, running = 0, steals = 0, tasks = 0, submissions = 0]; factory: com.intellij.concurrency.IdeaForkJoinWorkerThreadFactory@6bfb5e2b 
2019-12-05 19:42:35,107 [   2297]   INFO - llij.ide.plugins.PluginManager - Plugin 'Configuration Script' can't be loaded because: Plugin does not include any module dependency tags in its plugin.xml therefore is assumed legacy and can be loaded only in IntelliJ IDEA 
2019-12-05 19:42:35,154 [   2344]   INFO - llij.ide.plugins.PluginManager - Loaded bundled plugins: Copyright (192.6262.63), EditorConfig (192.6262.63), Git (192.6262.63), GitHub (192.6262.63), IDEA CORE (192.6262.63), IntelliLang (192.6262.63), Machine Learning Code Completion (192.6262.63), Mercurial (192.6262.63), Properties (192.6262.63), Python Copyright (192.6262.63), Python IntelliLang (192.6262.63), Python ReStructureText Integration (192.6262.63), Python Terminal (192.6262.63), ReStructuredText Support (192.6262.63), Settings Repository (192.6262.63), Shell Script (192.6262.63), Subversion (192.6262.63), Task Management (192.6262.63), Terminal (192.6262.63), TextMate bundles (192.6262.63), YAML (192.6262.63) 
2019-12-05 19:42:35,154 [   2344]   INFO - llij.ide.plugins.PluginManager - Disabled plugins: Configuration Script (192.6262.63) 
2019-12-05 19:42:37,559 [   4749]   INFO - tellij.diagnostic.LoadingPhase - Reached CONFIGURATION_STORE_INITIALIZED loading phase 
2019-12-05 19:42:37,872 [   5062]   INFO - ellij.util.io.PagedFileStorage - lower=100; upper=500; buffer=10; max=960 
2019-12-05 19:42:38,231 [   5421]   INFO - pl.local.NativeFileWatcherImpl - Starting file watcher: C:\Program Files\JetBrains\PyCharm Community Edition 2019.2.1\bin\fsnotifier64.exe 
2019-12-05 19:42:38,387 [   5577]   INFO - pl.local.NativeFileWatcherImpl - Native file watcher is operational. 
2019-12-05 19:42:41,746 [   8936]   INFO - til.net.ssl.CertificateManager - Default SSL context initialized 
2019-12-05 19:42:41,964 [   9154]   INFO - rains.ide.BuiltInServerManager - built-in server started, port 63342 
2019-12-05 19:42:43,136 [  10326]   INFO - il.indexing.FileBasedIndexImpl - File index extensions iterated:520 
2019-12-05 19:42:43,491 [  10681]   INFO - j.ide.ui.OptionsTopHitProvider - 188 ms spent to cache options in application 
2019-12-05 19:42:43,739 [  10929]   INFO - tellij.diagnostic.LoadingPhase - Reached FRAME_SHOWN loading phase 
2019-12-05 19:42:49,039 [  16229]   INFO - ndex.PrebuiltIndexProviderBase - Using prebuilt id-index from C:\Users\aruna\.PyCharmCE2019.2\system\index\.persistent\prebuilt\Python\id-index.input 
2019-12-05 19:42:51,346 [  18536]   INFO - pl$FileIndexDataInitialization - Initialization done:8717 
2019-12-05 19:42:51,673 [  18863]   INFO - exImpl$StubIndexInitialization - Initialization done:332 
2019-12-05 19:42:54,075 [  21265]   INFO - com.intellij.ide.ui.UISettings - Loaded: fontSize=13, fontScale=1.0; restored: fontSize=13, fontScale=1.0 
2019-12-05 19:42:56,704 [  23894]   INFO - j.ide.script.IdeStartupScripts - 0 startup script(s) found 
2019-12-05 19:42:58,544 [  25734]   INFO - rojectCodeStyleSettingsManager - Initialized from default code style settings. 
2019-12-05 19:43:01,889 [  29079]   INFO - .diagnostic.PerformanceWatcher - Pushing Python language level to 9 roots in 1 SDKs took 283ms; general responsiveness: ok; EDT responsiveness: 0/2 sluggish, 1/2 very slow 
2019-12-05 19:43:02,108 [  29298]   INFO - .diagnostic.PerformanceWatcher - Pushing properties took 219ms; general responsiveness: ok; EDT responsiveness: ok 
2019-12-05 19:43:03,936 [  31126]   INFO - ge.ExternalProjectsDataStorage - Load external projects data in 47 millis (read time: 16) 
2019-12-05 19:43:04,518 [  31708]   INFO - j.ide.ui.OptionsTopHitProvider - 4121 ms spent to cache options in project 
2019-12-05 19:43:04,596 [  31786]   INFO - .diagnostic.PerformanceWatcher - Post-startup activities under progress took 4308ms; general responsiveness: ok; EDT responsiveness: 0/4 sluggish, 1/4 very slow 
2019-12-05 19:43:05,018 [  32208]   INFO - tartup.impl.StartupManagerImpl - C:/Users/aruna/PycharmProjects/MyProject/.idea case-sensitivity: expected=false actual=false 
2019-12-05 19:43:05,111 [  32301]   INFO - tellij.diagnostic.LoadingPhase - Reached PROJECT_OPENED loading phase 
2019-12-05 19:43:05,190 [  32380]   INFO - tor.impl.FileEditorManagerImpl - Project opening took 17515 ms 
2019-12-05 19:43:06,165 [  33355]   INFO - pl.ProjectRootManagerComponent - project roots have changed 
2019-12-05 19:43:06,165 [  33355]   INFO - indexing.UnindexedFilesUpdater - Unindexed files update canceled 
2019-12-05 19:43:06,196 [  33386]   INFO - .diagnostic.PerformanceWatcher - Pushing Python language level to 9 roots in 1 SDKs took 16ms; general responsiveness: ok; EDT responsiveness: ok 
2019-12-05 19:43:06,196 [  33386]   INFO - .diagnostic.PerformanceWatcher - Pushing properties took 0ms; general responsiveness: ok; EDT responsiveness: ok 
2019-12-05 19:43:21,208 [  48398]   WARN - gnostic.WindowsDefenderChecker - Windows Defender DisableRealtimeMonitoring check exited with status -1:  
2019-12-05 19:43:21,317 [  48507]   INFO - ings.impl.UpdateCheckerService - channel: release 
2019-12-05 19:43:24,473 [  51663]   INFO - .diagnostic.PerformanceWatcher - Indexable file iteration took 18277ms; general responsiveness: ok; EDT responsiveness: 1/18 sluggish, 1/18 very slow 
2019-12-05 19:43:24,473 [  51663]   INFO - indexing.UnindexedFilesUpdater - Unindexed files update started: 4088 files to update 
2019-12-05 19:43:26,769 [  53959]   WARN - llij.ide.plugins.PluginManager - DeepBugsPython not loaded: since build 192.6603 > PC-192.6262.63 
2019-12-05 19:43:26,769 [  53959]   WARN - llij.ide.plugins.PluginManager - Gitee not loaded: since build 192.6817 > PC-192.6262.63 
2019-12-05 19:43:26,769 [  53959]   WARN - llij.ide.plugins.PluginManager - Subversion not loaded: since build 192.6817 > PC-192.6262.63 
2019-12-05 19:43:26,769 [  53959]   WARN - llij.ide.plugins.PluginManager - Tensor Dev Branch Creator not loaded: since build 192.7142 > PC-192.6262.63 
2019-12-05 19:43:26,769 [  53959]   WARN - llij.ide.plugins.PluginManager - Task Management not loaded: since build 192.7142 > PC-192.6262.63 
2019-12-05 19:43:26,769 [  53959]   WARN - llij.ide.plugins.PluginManager - Docker not loaded: since build 192.6817 > PC-192.6262.63 
2019-12-05 19:43:26,769 [  53959]   WARN - llij.ide.plugins.PluginManager - Gherkin not loaded: since build 192.7142 > PC-192.6262.63 
2019-12-05 19:43:26,769 [  53959]   WARN - llij.ide.plugins.PluginManager - Socket Client not loaded: since build 192.7142 > PC-192.6262.63 
2019-12-05 19:43:26,769 [  53959]   WARN - llij.ide.plugins.PluginManager - Codeseek developer friendly search not loaded: since build 192.6603 > PC-192.6262.63 
2019-12-05 19:43:26,769 [  53959]   WARN - llij.ide.plugins.PluginManager - Settings Repository not loaded: since build 192.7142 > PC-192.6262.63 
2019-12-05 19:43:26,769 [  53959]   WARN - llij.ide.plugins.PluginManager - Factorio LUA API Support not loaded: since build 192.7142 > PC-192.6262.63 
2019-12-05 19:43:26,769 [  53959]   WARN - llij.ide.plugins.PluginManager - yFiles not loaded: since build 192.7142 > PC-192.6262.63 
2019-12-05 19:43:26,769 [  53959]   WARN - llij.ide.plugins.PluginManager - Go Template not loaded: since build 192.6603 > PC-192.6262.63 
2019-12-05 19:43:26,769 [  53959]   WARN - llij.ide.plugins.PluginManager - Tailwind Formatter not loaded: since build 192.7142 > PC-192.6262.63 
2019-12-05 19:43:26,769 [  53959]   WARN - llij.ide.plugins.PluginManager - File Watchers not loaded: since build 192.6603 > PC-192.6262.63 
2019-12-05 19:43:26,769 [  53959]   WARN - llij.ide.plugins.PluginManager - Bazel not loaded: since build 192.6817 > PC-192.6262.63 
2019-12-05 19:43:26,785 [  53975]   WARN - llij.ide.plugins.PluginManager - Apache Camel IDEA Plugin not loaded: since build 192.6603 > PC-192.6262.63 
2019-12-05 19:43:26,785 [  53975]   WARN - llij.ide.plugins.PluginManager - Custom Postfix Templates not loaded: since build 192.6817 > PC-192.6262.63 
2019-12-05 19:43:26,785 [  53975]   WARN - llij.ide.plugins.PluginManager - Hunspell not loaded: since build 192.6603 > PC-192.6262.63 
2019-12-05 19:43:26,785 [  53975]   WARN - llij.ide.plugins.PluginManager - Code Notes not loaded: since build 192.6603.28 > PC-192.6262.63 
2019-12-05 19:43:26,785 [  53975]   WARN - llij.ide.plugins.PluginManager - Performance Testing not loaded: since build 192.6603 > PC-192.6262.63 
2019-12-05 19:43:26,785 [  53975]   WARN - llij.ide.plugins.PluginManager - Packages for Apex not loaded: since build 192.6817 > PC-192.6262.63 
2019-12-05 19:43:26,785 [  53975]   WARN - llij.ide.plugins.PluginManager - License Generator not loaded: since build 192.6817 > PC-192.6262.63 
2019-12-05 19:43:26,785 [  53975]   WARN - llij.ide.plugins.PluginManager - Submit to INGInious not loaded: since build 192.7142 > PC-192.6262.63 
2019-12-05 19:43:26,785 [  53975]   WARN - llij.ide.plugins.PluginManager - Rookout-Python not loaded: since build 192.6603.28 > PC-192.6262.63 
2019-12-05 19:43:28,003 [  55193]   INFO - ndex.PrebuiltIndexProviderBase - Using prebuilt sdk-stubs from C:\Users\aruna\.PyCharmCE2019.2\system\index\.persistent\prebuilt\Python\sdk-stubs.input 
2019-12-05 19:43:28,066 [  55256]   INFO - .stubs.StubSerializationHelper - serialized properties.prop is ignored in unmodifiable stub serialization manager 
2019-12-05 19:43:28,066 [  55256]   INFO - .stubs.StubSerializationHelper - serialized properties.propertieslist is ignored in unmodifiable stub serialization manager 
2019-12-05 19:43:53,936 [  81126]   INFO - .diagnostic.PerformanceWatcher - Unindexed files update took 29463ms; general responsiveness: ok; EDT responsiveness: ok 
2019-12-05 19:43:53,936 [  81126]   INFO - tellij.diagnostic.LoadingPhase - Reached INDEXING_FINISHED loading phase 
2019-12-05 19:43:59,294 [  86484]   INFO - .intellij.util.EnvironmentUtil - shell environment loaded (46 vars) 
2019-12-05 19:43:59,810 [  87000]   INFO - .intellij.util.EnvironmentUtil - shell environment loaded (46 vars) 
2019-12-05 19:44:00,232 [  87422]   INFO - ns.python.sdk.PythonSdkUpdater - Updating sys.path took 1140 ms 
2019-12-05 19:44:00,247 [  87437]   INFO - ns.python.sdk.PythonSdkUpdater - Bogus sys.path entry C:\Users\aruna\AppData\Local\Programs\Python\Python37-32\python37.zip 
2019-12-05 19:44:00,247 [  87437]   INFO - ns.python.sdk.PythonSdkUpdater - Binary skeletons directory for SDK Python 3.7 (MyProject) (C:\Users\aruna\PycharmProjects\MyProject\venv\Scripts\python.exe)): C:/Users/aruna/.PyCharmCE2019.2/system/python_stubs/-1747460289 
2019-12-05 19:44:00,279 [  87469]   INFO - ns.python.sdk.PythonSdkUpdater - User skeletons directory for SDK Python 3.7 (MyProject) (C:\Users\aruna\PycharmProjects\MyProject\venv\Scripts\python.exe)): C:/Program Files/JetBrains/PyCharm Community Edition 2019.2.1/helpers/python-skeletons 
2019-12-05 19:44:00,294 [  87484]   INFO - ns.python.sdk.PythonSdkUpdater - Performing background update of skeletons for SDK Python 3.7 (MyProject) (C:\Users\aruna\PycharmProjects\MyProject\venv\Scripts\python.exe) 
2019-12-05 19:44:00,310 [  87500]   INFO - .skeletons.PySkeletonRefresher - Refreshing skeletons for C:\Users\aruna\PycharmProjects\MyProject\venv\Scripts\python.exe 
2019-12-05 19:44:02,075 [  89265]   INFO - .skeletons.PySkeletonGenerator - Retrieving binary module list took 1687 ms 
2019-12-05 19:44:02,075 [  89265]   INFO - tPregeneratedSkeletonsProvider - Home path is C:\Program Files\JetBrains\PyCharm Community Edition 2019.2.1 
2019-12-05 19:44:02,075 [  89265]   INFO - tPregeneratedSkeletonsProvider - Pregenerated skeletons root is C:\Program Files\JetBrains\PyCharm Community Edition 2019.2.1\skeletons 
2019-12-05 19:44:02,091 [  89281]   INFO - tPregeneratedSkeletonsProvider - Found pre-generated skeletons at C:\Program Files\JetBrains\PyCharm Community Edition 2019.2.1\skeletons\skeletons-win-403-python-3.7.3.zip 
2019-12-05 19:44:02,497 [  89687]   INFO - .skeletons.PySkeletonRefresher - Rebuilding skeletons for binaries took 391 ms 
2019-12-05 19:44:02,809 [  89999]   INFO - ns.python.sdk.PythonSdkUpdater - Performing background scan of packages for SDK Python 3.7 (MyProject) (C:\Users\aruna\PycharmProjects\MyProject\venv\Scripts\python.exe) 
2019-12-05 19:44:02,840 [  90030]   INFO - packaging.PyPackageManagerImpl - Running packaging tool: C:\Users\aruna\PycharmProjects\MyProject\venv\Scripts\python.exe C:\Program Files\JetBrains\PyCharm Community Edition 2019.2.1\helpers\packaging_tool.py list 
2019-12-05 19:44:50,173 [ 137363]   INFO - rationStore.ComponentStoreImpl - Saving appEditorSettings took 15 ms, NotRoamableUiSettings took 16 ms, UISettings took 15 ms 
2019-12-05 19:44:50,502 [ 137692]   INFO - rationStore.ComponentStoreImpl - Saving Project 'C:\Users\aruna\PycharmProjects\MyProject' MyProjectCommitMessageInspectionProfile took 62 ms, CommittedChangesCache took 31 ms, ExternalProjectsData took 32 ms, ExternalProjectsManager took 15 ms, ProjectCodeStyleConfiguration took 16 ms, ProjectView took 15 ms, ServiceViewManager took 16 ms, Vcs.Log.Tabs.Properties took 16 ms, XDebuggerManager took 47 ms 
2019-12-05 19:44:50,595 [ 137785]   INFO - stubs.SerializationManagerImpl - START StubSerializationManager SHUTDOWN 
2019-12-05 19:44:50,595 [ 137785]   INFO - stubs.SerializationManagerImpl - END StubSerializationManager SHUTDOWN 
2019-12-05 19:44:50,595 [ 137785]   INFO - stubs.SerializationManagerImpl - START StubSerializationManager SHUTDOWN 
2019-12-05 19:44:50,595 [ 137785]   INFO - stubs.SerializationManagerImpl - END StubSerializationManager SHUTDOWN 
2019-12-05 19:44:50,595 [ 137785]   INFO - il.indexing.FileBasedIndexImpl - START INDEX SHUTDOWN 
2019-12-05 19:44:51,564 [ 138754]   INFO - il.indexing.FileBasedIndexImpl - END INDEX SHUTDOWN 
2019-12-05 19:44:51,564 [ 138754]   INFO - org.jetbrains.io.BuiltInServer - web server stopped 
2019-12-05 19:44:51,579 [ 138769]   INFO - Types.impl.FileTypeManagerImpl - FileTypeManager: 1588 auto-detected files
Elapsed time on auto-detect: 28535 ms 
2019-12-05 19:44:51,579 [ 138769]   INFO - pl.local.NativeFileWatcherImpl - Watcher terminated with exit code 0 
2019-12-05 19:44:51,579 [ 138769]   INFO - newvfs.persistent.PersistentFS - VFS dispose started 
2019-12-05 19:44:51,611 [ 138801]   INFO - newvfs.persistent.PersistentFS - VFS dispose completed 
2019-12-05 19:44:51,611 [ 138801]   INFO -        #com.intellij.idea.Main - ------------------------------------------------------ IDE SHUTDOWN ------------------------------------------------------ 
2019-12-05 19:44:51,611 [ 138801]   INFO - org.jetbrains.io.BuiltInServer - web server stopped 
2019-12-05 20:25:26,780 [      0]   INFO -        #com.intellij.idea.Main - ------------------------------------------------------ IDE STARTED ------------------------------------------------------ 
2019-12-05 20:25:26,813 [     33]   INFO -        #com.intellij.idea.Main - IDE: PyCharm (build #PC-192.6262.63, 22 Aug 2019 05:28) 
2019-12-05 20:25:26,814 [     34]   INFO -        #com.intellij.idea.Main - OS: Windows 10 (10.0, amd64) 
2019-12-05 20:25:26,815 [     35]   INFO -        #com.intellij.idea.Main - JRE: 11.0.3+12-b304.39 (JetBrains s.r.o) 
2019-12-05 20:25:26,815 [     35]   INFO -        #com.intellij.idea.Main - JVM: 11.0.3+12-b304.39 (OpenJDK 64-Bit Server VM) 
2019-12-05 20:25:26,815 [     35]   INFO -        #com.intellij.idea.Main - JVM Args: exit -Xms128m -Xmx1013m -XX:ReservedCodeCacheSize=240m -XX:+UseConcMarkSweepGC -XX:SoftRefLRUPolicyMSPerMB=50 -ea -XX:CICompilerCount=2 -Dsun.io.useCanonPrefixCache=false -Djava.net.preferIPv4Stack=true -Djdk.http.auth.tunneling.disabledSchemes="" -XX:+HeapDumpOnOutOfMemoryError -XX:-OmitStackTraceInFastThrow -Djdk.attach.allowAttachSelf -Dkotlinx.coroutines.debug=off -Djb.vmOptionsFile=C:\Users\aruna\.PyCharmCE2019.2\config\pycharm64.exe.vmoptions -Djava.library.path=C:\Program Files\JetBrains\PyCharm Community Edition 2019.2.1\jbr\\bin;C:\Program Files\JetBrains\PyCharm Community Edition 2019.2.1\jbr\\bin\server -Didea.platform.prefix=PyCharmCore -Dide.native.launcher=true -Didea.paths.selector=PyCharmCE2019.2 -XX:ErrorFile=C:\Users\aruna\java_error_in_pycharm_%p.log -XX:HeapDumpPath=C:\Users\aruna\java_error_in_pycharm.hprof 
2019-12-05 20:25:26,815 [     35]   INFO -        #com.intellij.idea.Main - charsets: JNU=Cp1252 file=Cp1252 
2019-12-05 20:25:26,869 [     89]   INFO - tellij.diagnostic.LoadingPhase - Reached SPLASH loading phase 
2019-12-05 20:25:26,876 [     96]   INFO -        #com.intellij.idea.Main - JNA library (64-bit) loaded in 72 ms 
2019-12-05 20:25:26,878 [     98]   INFO - plication.impl.ApplicationImpl - CPU cores: 8; ForkJoinPool.commonPool: java.util.concurrent.ForkJoinPool@4cf9fa81[Running, parallelism = 7, size = 0, active = 0, running = 0, steals = 0, tasks = 0, submissions = 0]; factory: com.intellij.concurrency.IdeaForkJoinWorkerThreadFactory@331c161f 
2019-12-05 20:25:26,879 [     99]   INFO - penapi.util.io.win32.IdeaWin32 - Native filesystem for Windows is operational 
2019-12-05 20:25:27,084 [    304]   INFO - llij.ide.plugins.PluginManager - Plugin 'Configuration Script' can't be loaded because: Plugin does not include any module dependency tags in its plugin.xml therefore is assumed legacy and can be loaded only in IntelliJ IDEA 
2019-12-05 20:25:27,116 [    336]   INFO - llij.ide.plugins.PluginManager - Loaded bundled plugins: Copyright (192.6262.63), EditorConfig (192.6262.63), Git (192.6262.63), GitHub (192.6262.63), IDEA CORE (192.6262.63), IntelliLang (192.6262.63), Machine Learning Code Completion (192.6262.63), Mercurial (192.6262.63), Properties (192.6262.63), Python Copyright (192.6262.63), Python IntelliLang (192.6262.63), Python ReStructureText Integration (192.6262.63), Python Terminal (192.6262.63), ReStructuredText Support (192.6262.63), Settings Repository (192.6262.63), Shell Script (192.6262.63), Subversion (192.6262.63), Task Management (192.6262.63), Terminal (192.6262.63), TextMate bundles (192.6262.63), YAML (192.6262.63) 
2019-12-05 20:25:27,116 [    336]   INFO - llij.ide.plugins.PluginManager - Disabled plugins: Configuration Script (192.6262.63) 
2019-12-05 20:25:27,453 [    673]   INFO - tellij.diagnostic.LoadingPhase - Reached CONFIGURATION_STORE_INITIALIZED loading phase 
2019-12-05 20:25:27,528 [    748]   INFO - ellij.util.io.PagedFileStorage - lower=100; upper=500; buffer=10; max=960 
2019-12-05 20:25:27,613 [    833]   INFO - pl.local.NativeFileWatcherImpl - Starting file watcher: C:\Program Files\JetBrains\PyCharm Community Edition 2019.2.1\bin\fsnotifier64.exe 
2019-12-05 20:25:27,690 [    910]   INFO - pl.local.NativeFileWatcherImpl - Native file watcher is operational. 
2019-12-05 20:25:28,190 [   1410]   INFO - til.net.ssl.CertificateManager - Default SSL context initialized 
2019-12-05 20:25:28,212 [   1432]   INFO - rains.ide.BuiltInServerManager - built-in server started, port 63342 
2019-12-05 20:25:28,319 [   1539]   INFO - il.indexing.FileBasedIndexImpl - File index extensions iterated:39 
2019-12-05 20:25:28,425 [   1645]   INFO - j.ide.ui.OptionsTopHitProvider - 18 ms spent to cache options in application 
2019-12-05 20:25:28,449 [   1669]   INFO - tellij.diagnostic.LoadingPhase - Reached FRAME_SHOWN loading phase 
2019-12-05 20:25:28,450 [   1670]   INFO - .intellij.idea.IdeaApplication - IdeaApplication.loadProject 
2019-12-05 20:25:28,450 [   1670]   INFO - .intellij.idea.IdeaApplication - IDEA_INITIAL_DIRECTORY: C:\WINDOWS\system32 
2019-12-05 20:25:28,451 [   1671]   INFO - ellij.ide.CommandLineProcessor - External command line: 
2019-12-05 20:25:28,451 [   1671]   INFO - ellij.ide.CommandLineProcessor - Dir: C:\WINDOWS\system32 
2019-12-05 20:25:28,452 [   1672]   INFO - ellij.ide.CommandLineProcessor - D:\00-Python Object and Data Structure Basics\09-Objects and Data Structures Assessment Test.ipynb 
2019-12-05 20:25:28,452 [   1672]   INFO - ellij.ide.CommandLineProcessor - ----- 
2019-12-05 20:25:29,245 [   2465]   INFO - ndex.PrebuiltIndexProviderBase - Using prebuilt id-index from C:\Users\aruna\.PyCharmCE2019.2\system\index\.persistent\prebuilt\Python\id-index.input 
2019-12-05 20:25:29,830 [   3050]   INFO - pl$FileIndexDataInitialization - Initialization done:1549 
2019-12-05 20:25:29,992 [   3212]   INFO - com.intellij.ide.ui.UISettings - Loaded: fontSize=13, fontScale=1.0; restored: fontSize=13, fontScale=1.0 
2019-12-05 20:25:30,128 [   3348]   INFO - exImpl$StubIndexInitialization - Initialization done:298 
2019-12-05 20:25:30,435 [   3655]   INFO - j.ide.script.IdeStartupScripts - 0 startup script(s) found 
2019-12-05 20:25:30,549 [   3769]   INFO - rojectCodeStyleSettingsManager - Initialized from default code style settings. 
2019-12-05 20:25:31,302 [   4522]   INFO - ge.ExternalProjectsDataStorage - Load external projects data in 0 millis (read time: 0) 
2019-12-05 20:25:31,318 [   4538]   INFO - j.ide.ui.OptionsTopHitProvider - 391 ms spent to cache options in project 
2019-12-05 20:25:31,318 [   4538]   INFO - .diagnostic.PerformanceWatcher - Post-startup activities under progress took 438ms; general responsiveness: ok; EDT responsiveness: 1/1 sluggish 
2019-12-05 20:25:31,380 [   4600]   WARN - tartup.impl.StartupManagerImpl - C:/Users/aruna/AppData/Local/Temp/09-Objects and Data Structures Assessment Test.ipynb/.idea 
java.io.FileNotFoundException: C:/Users/aruna/AppData/Local/Temp/09-Objects and Data Structures Assessment Test.ipynb/.idea
	at com.intellij.openapi.util.io.FileUtil.isFileSystemCaseSensitive(FileUtil.java:1467)
	at com.intellij.ide.startup.impl.StartupManagerImpl.checkFsSanity(StartupManagerImpl.java:329)
	at com.intellij.ide.startup.impl.StartupManagerImpl.runPostStartupActivities(StartupManagerImpl.java:237)
	at com.intellij.openapi.project.impl.ProjectManagerImpl.lambda$null$6(ProjectManagerImpl.java:411)
	at com.intellij.openapi.application.TransactionGuardImpl$2.run(TransactionGuardImpl.java:312)
	at com.intellij.openapi.application.impl.LaterInvocator$FlushQueue.doRun(LaterInvocator.java:433)
	at com.intellij.openapi.application.impl.LaterInvocator$FlushQueue.runNextEvent(LaterInvocator.java:416)
	at com.intellij.openapi.application.impl.LaterInvocator$FlushQueue.run(LaterInvocator.java:399)
	at java.desktop/java.awt.event.InvocationEvent.dispatch(InvocationEvent.java:313)
	at java.desktop/java.awt.EventQueue.dispatchEventImpl(EventQueue.java:776)
	at java.desktop/java.awt.EventQueue$4.run(EventQueue.java:727)
	at java.desktop/java.awt.EventQueue$4.run(EventQueue.java:721)
	at java.base/java.security.AccessController.doPrivileged(Native Method)
	at java.base/java.security.ProtectionDomain$JavaSecurityAccessImpl.doIntersectionPrivilege(ProtectionDomain.java:85)
	at java.desktop/java.awt.EventQueue.dispatchEvent(EventQueue.java:746)
	at com.intellij.ide.IdeEventQueue.defaultDispatchEvent(IdeEventQueue.java:817)
	at com.intellij.ide.IdeEventQueue._dispatchEvent(IdeEventQueue.java:766)
	at com.intellij.ide.IdeEventQueue.lambda$dispatchEvent$8(IdeEventQueue.java:405)
	at com.intellij.openapi.progress.impl.CoreProgressManager.computePrioritized(CoreProgressManager.java:704)
	at com.intellij.ide.IdeEventQueue.dispatchEvent(IdeEventQueue.java:404)
	at java.desktop/java.awt.EventDispatchThread.pumpOneEventForFilters(EventDispatchThread.java:203)
	at java.desktop/java.awt.EventDispatchThread.pumpEventsForFilter(EventDispatchThread.java:124)
	at java.desktop/java.awt.EventDispatchThread.pumpEventsForHierarchy(EventDispatchThread.java:113)
	at java.desktop/java.awt.EventDispatchThread.pumpEvents(EventDispatchThread.java:109)
	at java.desktop/java.awt.EventDispatchThread.pumpEvents(EventDispatchThread.java:101)
	at java.desktop/java.awt.EventDispatchThread.run(EventDispatchThread.java:90)
2019-12-05 20:25:31,412 [   4632]   INFO - tellij.diagnostic.LoadingPhase - Reached PROJECT_OPENED loading phase 
2019-12-05 20:25:32,641 [   5861]   INFO - .diagnostic.PerformanceWatcher - Pushing properties took 1682ms; general responsiveness: ok; EDT responsiveness: 1/1 sluggish 
2019-12-05 20:25:33,171 [   6391]   INFO - .diagnostic.PerformanceWatcher - Indexable file iteration took 528ms; general responsiveness: ok; EDT responsiveness: ok 
2019-12-05 20:25:33,171 [   6391]   INFO - indexing.UnindexedFilesUpdater - Unindexed files update started: 1 files to update 
2019-12-05 20:25:33,665 [   6885]   INFO - tor.impl.FileEditorManagerImpl - Project opening took 4511 ms 
2019-12-05 20:25:34,818 [   8038]   INFO - .diagnostic.PerformanceWatcher - Unindexed files update took 1647ms; general responsiveness: ok; EDT responsiveness: 0/3 sluggish, 2/3 very slow 
2019-12-05 20:25:34,873 [   8093]   INFO - pl.ProjectRootManagerComponent - project roots have changed 
2019-12-05 20:25:35,060 [   8280]   INFO - .diagnostic.PerformanceWatcher - Pushing properties took 1ms; general responsiveness: ok; EDT responsiveness: ok 
2019-12-05 20:25:35,144 [   8364]   INFO - .diagnostic.PerformanceWatcher - Indexable file iteration took 83ms; general responsiveness: ok; EDT responsiveness: ok 
2019-12-05 20:25:35,257 [   8477]   INFO - tellij.diagnostic.LoadingPhase - Reached INDEXING_FINISHED loading phase 
2019-12-05 20:25:41,515 [  14735]   INFO - ings.impl.UpdateCheckerService - channel: release 
2019-12-05 20:27:31,123 [ 124343]   INFO - rationStore.ComponentStoreImpl - Saving appCodeStyleSchemeSettings took 19 ms 
2019-12-05 20:27:31,740 [ 124960]   INFO - stubs.SerializationManagerImpl - START StubSerializationManager SHUTDOWN 
2019-12-05 20:27:31,740 [ 124960]   INFO - stubs.SerializationManagerImpl - END StubSerializationManager SHUTDOWN 
2019-12-05 20:27:31,740 [ 124960]   INFO - il.indexing.FileBasedIndexImpl - START INDEX SHUTDOWN 
2019-12-05 20:27:31,843 [ 125063]   INFO - il.indexing.FileBasedIndexImpl - END INDEX SHUTDOWN 
2019-12-05 20:27:31,845 [ 125065]   INFO - org.jetbrains.io.BuiltInServer - web server stopped 
2019-12-05 20:27:31,876 [ 125096]   INFO - Types.impl.FileTypeManagerImpl - FileTypeManager: 4 auto-detected files
Elapsed time on auto-detect: 54 ms 
2019-12-05 20:27:31,880 [ 125100]   INFO - pl.local.NativeFileWatcherImpl - Watcher terminated with exit code 0 
2019-12-05 20:27:31,881 [ 125101]   INFO - newvfs.persistent.PersistentFS - VFS dispose started 
2019-12-05 20:27:32,062 [ 125282]   INFO - newvfs.persistent.PersistentFS - VFS dispose completed 
2019-12-05 20:27:32,065 [ 125285]   INFO -        #com.intellij.idea.Main - ------------------------------------------------------ IDE SHUTDOWN ------------------------------------------------------ 
2019-12-05 20:27:32,066 [ 125286]   INFO - org.jetbrains.io.BuiltInServer - web server stopped 
